TN:
SF:/Users/MartaPZ/Development/WDI_GROUP_PROJECT/index.js
FNF:0
FNH:0
DA:1,1
DA:2,1
DA:3,1
DA:4,1
DA:5,1
DA:6,1
DA:7,1
DA:8,1
DA:9,1
DA:10,1
DA:11,1
DA:13,1
DA:14,1
DA:16,1
DA:17,1
DA:18,1
DA:19,1
DA:20,1
DA:39,1
DA:40,1
DA:42,1
DA:44,1
LF:22
LH:22
BRDA:16,1,0,1
BRDA:16,1,1,0
BRF:2
BRH:1
end_of_record
TN:
SF:/Users/MartaPZ/Development/WDI_GROUP_PROJECT/config/config.js
FNF:0
FNH:0
DA:1,1
LF:1
LH:1
BRDA:2,1,0,1
BRDA:2,1,1,1
BRDA:6,2,0,1
BRDA:6,2,1,1
BRDA:8,3,0,1
BRDA:8,3,1,1
BRF:6
BRH:6
end_of_record
TN:
SF:/Users/MartaPZ/Development/WDI_GROUP_PROJECT/config/routes.js
FNF:0
FNH:0
DA:1,1
DA:2,1
DA:4,1
DA:5,1
DA:6,1
DA:8,1
DA:11,1
DA:14,1
DA:16,1
DA:21,1
DA:24,1
DA:30,1
LF:12
LH:12
BRF:0
BRH:0
end_of_record
TN:
SF:/Users/MartaPZ/Development/WDI_GROUP_PROJECT/controllers/authentication.js
FN:10,authenticationsRegister
FN:24,authenticationsLogin
FNF:2
FNH:0
FNDA:0,authenticationsRegister
FNDA:0,authenticationsLogin
DA:1,1
DA:6,1
DA:7,1
DA:8,1
DA:10,1
DA:11,0
DA:12,0
DA:14,0
DA:16,0
DA:24,1
DA:25,0
DA:26,0
DA:27,0
DA:28,0
DA:31,0
DA:33,0
LF:16
LH:6
BRDA:12,1,0,0
BRDA:12,1,1,0
BRDA:26,2,0,0
BRDA:26,2,1,0
BRDA:27,3,0,0
BRDA:27,3,1,0
BRDA:27,4,0,0
BRDA:27,4,1,0
BRF:8
BRH:0
end_of_record
TN:
SF:/Users/MartaPZ/Development/WDI_GROUP_PROJECT/models/user.js
FN:34,(anonymous_1)
FN:45,setPassword
FN:50,setPasswordConfirmation
FN:54,validatePasswordHash
FN:69,validateEmail
FN:75,validatePassword
FNF:6
FNH:4
FNDA:0,(anonymous_1)
FNDA:3,setPassword
FNDA:3,setPasswordConfirmation
FNDA:3,validatePasswordHash
FNDA:3,validateEmail
FNDA:0,validatePassword
DA:1,1
DA:2,1
DA:3,1
DA:5,1
DA:15,1
DA:19,1
DA:23,1
DA:27,1
DA:31,1
DA:33,1
DA:35,0
DA:36,0
DA:37,0
DA:38,0
DA:39,0
DA:43,1
DA:45,1
DA:46,3
DA:47,3
DA:50,1
DA:51,3
DA:54,1
DA:55,3
DA:56,3
DA:57,3
DA:58,0
DA:60,3
DA:61,0
DA:63,3
DA:64,0
DA:69,1
DA:70,3
DA:71,0
DA:75,1
DA:76,0
LF:35
LH:25
BRDA:55,1,0,3
BRDA:55,1,1,0
BRDA:57,2,0,0
BRDA:57,2,1,3
BRDA:60,3,0,0
BRDA:60,3,1,3
BRDA:63,4,0,0
BRDA:63,4,1,3
BRDA:70,5,0,0
BRDA:70,5,1,3
BRF:10
BRH:5
end_of_record
TN:
SF:/Users/MartaPZ/Development/WDI_GROUP_PROJECT/controllers/users.js
FN:10,usersIndex
FN:17,usersShow
FN:25,usersUpdate
FN:33,usersDelete
FNF:4
FNH:0
FNDA:0,usersIndex
FNDA:0,usersShow
FNDA:0,usersUpdate
FNDA:0,usersDelete
DA:1,1
DA:8,1
DA:10,1
DA:11,0
DA:12,0
DA:13,0
DA:17,1
DA:18,0
DA:19,0
DA:20,0
DA:21,0
DA:25,1
DA:26,0
DA:27,0
DA:28,0
DA:29,0
DA:33,1
DA:34,0
DA:35,0
DA:36,0
DA:37,0
LF:21
LH:6
BRDA:12,1,0,0
BRDA:12,1,1,0
BRDA:19,2,0,0
BRDA:19,2,1,0
BRDA:20,3,0,0
BRDA:20,3,1,0
BRDA:27,4,0,0
BRDA:27,4,1,0
BRDA:28,5,0,0
BRDA:28,5,1,0
BRDA:35,6,0,0
BRDA:35,6,1,0
BRDA:36,7,0,0
BRDA:36,7,1,0
BRF:14
BRH:0
end_of_record
TN:
SF:/Users/MartaPZ/Development/WDI_GROUP_PROJECT/controllers/stories.js
FN:4,storyIndex
FN:13,storyCreate
FN:22,storyShow
FN:33,storyUpdate
FNF:4
FNH:1
FNDA:3,storyIndex
FNDA:0,storyCreate
FNDA:0,storyShow
FNDA:0,storyUpdate
DA:1,1
DA:4,1
DA:5,3
DA:9,3
DA:10,0
DA:13,1
DA:14,0
DA:16,0
DA:18,0
DA:19,0
DA:22,1
DA:24,0
DA:29,0
DA:30,0
DA:33,1
DA:35,0
DA:39,0
DA:40,0
DA:41,0
DA:43,0
DA:44,0
DA:47,1
LF:22
LH:8
BRDA:39,1,0,0
BRDA:39,1,1,0
BRF:2
BRH:0
end_of_record
TN:
SF:/Users/MartaPZ/Development/WDI_GROUP_PROJECT/models/story.js
FNF:0
FNH:0
DA:1,1
DA:3,1
DA:8,1
DA:18,1
LF:4
LH:4
BRF:0
BRH:0
end_of_record
